<?xml version="1.0" encoding="UTF-8"?>
<!-- Generated by org.testng.reporters.JUnitXMLReporter -->
<testsuite hostname="Krishnas-MBP.hsd1.ut.comcast.net" failures="1" tests="2" name="Create session id and Update user info scenarios " time="13.093" errors="0" timestamp="8 Mar 2019 08:31:06 GMT">
  <testcase classname="themoviedb.org.projecttest.Userprofile" name="UserprofileUpdate" time="12.221">
    <failure type="java.lang.AssertionError" message="1 expectation failed.
JSON path status_message doesn&amp;apos;t match.
Expected: is &amp;quot;Success&amp;quot;
  Actual: Invalid API key: You must be granted a valid key.
">
      <![CDATA[java.lang.AssertionError: 1 expectation failed.
JSON path status_message doesn't match.
Expected: is "Success"
  Actual: Invalid API key: You must be granted a valid key.

	at org.codehaus.groovy.runtime.callsite.ConstructorSite$ConstructorSiteNoUnwrap.callConstructor(ConstructorSite.java:84)
	at org.codehaus.groovy.runtime.callsite.CallSiteArray.defaultCallConstructor(CallSiteArray.java:59)
	at org.codehaus.groovy.runtime.callsite.AbstractCallSite.callConstructor(AbstractCallSite.java:238)
	at org.codehaus.groovy.runtime.callsite.AbstractCallSite.callConstructor(AbstractCallSite.java:250)
	at io.restassured.internal.ResponseSpecificationImpl$HamcrestAssertionClosure.validate(ResponseSpecificationImpl.groovy:494)
	at io.restassured.internal.ResponseSpecificationImpl$HamcrestAssertionClosure$validate$1.call(Unknown Source)
	at io.restassured.internal.ResponseSpecificationImpl.validateResponseIfRequired(ResponseSpecificationImpl.groovy:656)
	at org.codehaus.groovy.runtime.callsite.PogoMetaMethodSite$PogoCachedMethodSiteNoUnwrapNoCoerce.invoke(PogoMetaMethodSite.java:210)
	at org.codehaus.groovy.runtime.callsite.PogoMetaMethodSite.callCurrent(PogoMetaMethodSite.java:59)
	at org.codehaus.groovy.runtime.callsite.AbstractCallSite.callCurrent(AbstractCallSite.java:169)
	at io.restassured.internal.ResponseSpecificationImpl.content(ResponseSpecificationImpl.groovy:277)
	at io.restassured.specification.ResponseSpecification$content$0.callCurrent(Unknown Source)
	at org.codehaus.groovy.runtime.callsite.CallSiteArray.defaultCallCurrent(CallSiteArray.java:51)
	at io.restassured.specification.ResponseSpecification$content$0.callCurrent(Unknown Source)
	at io.restassured.internal.ResponseSpecificationImpl.body(ResponseSpecificationImpl.groovy:260)
	at io.restassured.internal.ValidatableResponseOptionsImpl.body(ValidatableResponseOptionsImpl.java:274)
	at themoviedb.org.projecttest.Userprofile.UserprofileUpdate(Userprofile.java:75)
... Removed 34 stack frames]]>
    </failure>
  </testcase> <!-- UserprofileUpdate -->
  <testcase classname="themoviedb.org.projecttest.Userprofile" name="UserprofileUpdatewihtoutapproval" time="0.866"/>
</testsuite> <!-- Create session id and Update user info scenarios  -->
